<?xml version="1.0" encoding="UTF-8"?>
<testsuite name="com.bytedance.jump.ExampleUnitTest" tests="1" skipped="0" failures="0" errors="0" timestamp="2021-04-17T08:06:12" hostname="C02DW17NMD6R" time="0.002">
  <properties/>
  <testcase name="addition_isCorrect" classname="com.bytedance.jump.ExampleUnitTest" time="0.002"/>
  <system-out><![CDATA[]]></system-out>
  <system-err><![CDATA[]]></system-err>
</testsuite>
